absl-py==1.2.0
aiohttp==3.8.3
aiohttp-cors==0.7.0
aiosignal==1.2.0
alabaster==0.7.12
amply==0.1.4
aniso8601==9.0.1
anyio==3.6.2
anytree==2.8.0
apipkg==3.0.1
appdirs==1.4.4
argon2-cffi==21.3.0
argon2-cffi-bindings==21.2.0
arxiv-latex-cleaner==0.1.28
asciidoc==10.2.0
asgiref==3.5.2
asn1crypto==1.5.1
astroid==2.12.12
asttokens==2.1.0
async-generator==1.10
async-timeout==4.0.2
atomicwrites==1.4.1
attrs==22.1.0
autocommand==2.2.1
Babel==2.11.0
backcall==0.2.0
backoff==1.11.1
bcrypt==4.0.1
Beaker==1.11.0
beautifulsoup4==4.11.1
biscuits==0.3.0
black==22.10.0
bleach==5.0.1
breezy==3.3.0
Brlapi==0.8.4
Brotli==1.0.9
btrfsutil==6.0
build==0.9.0
CacheControl==0.12.11
cachelib==0.9.0
cachetools==5.2.0
cachy==0.3.0
cattrs==22.2.0
censys==2.1.0
certifi==2022.9.24
cffi==1.15.1
chardet==5.0.0
charset-normalizer==3.0.0
cheroot==8.6.0
CherryPy==18.8.0
cleo==1.0.0a5
click==8.1.3
click-plugins==1.1.1
clikit==0.6.2
cloudpickle==2.1.0
colorama==0.4.6
commonmark==0.9.1
configobj==5.1.0.dev0
contextlib2==21.6.0
contourpy==1.0.6
coverage==6.5.0
crashtest==0.4.0
cryptography==38.0.2
cssselect==1.2.0
cupshelpers==1.0
cycler==0.11.0
Cython==0.29.32
dask==2022.7.1
debugpy==1.6.3
decorator==5.1.1
defusedxml==0.7.1
Deprecated==1.2.13
deprecation==2.1.0
dill==0.3.5.1
distlib==0.3.6
distro==1.7.0
dnspython==2.2.1
docutils==0.19
dulwich==0.20.50
elasticsearch==7.9.0
entrypoints==0.4
exceptiongroup==1.0.0
execnet==1.9.0
executing==1.2.0
fastavro==1.4.10
fastbencode==0.1
fastimport==0.9.14
fastjsonschema==2.16.2
filelock==3.8.0
Flask==2.2.2
Flask-RESTful==0.3.9
flit_core @ file:///build/python-flit/src/flit-3.7.1/flit_core/dist/flit_core-3.7.1-py3-none-any.whl
fonttools==4.38.0
frozenlist==1.3.1
fsspec==2022.5.0
future==0.18.2
geoip2==4.6.0
google-api-core==2.10.2
google-api-python-client==2.65.0
google-auth==2.6.5
google-auth-httplib2==0.1.0
googleapis-common-protos==1.56.4
graphql-core==3.2.3
graphql-relay==3.2.0
graphviz==0.20.1
grpcio==1.50.1
gufw==22.4.0
gunicorn==20.1.0
h11==0.14.0
HeapDict==1.0.1
html5lib==1.1
httplib2==0.21.0
httptools==0.4.0
hypothesis==6.54.4
idna==3.4
imagesize==1.4.1
img2pdf==0.4.4
importlib-metadata==5.0.0
inflect==6.0.2
inflection==0.5.1
iniconfig==1.1.1
installer==0.5.1
ipykernel==6.17.0
ipython==8.6.0
ipython-genutils==0.2.0
ipywidgets==8.0.2
isodate==0.6.1
isort==5.10.1
itsdangerous==2.1.2
jaraco.classes==3.2.3
jaraco.collections==3.5.1
jaraco.context==4.1.2
jaraco.functools==3.5.2
jaraco.text==3.10.0
jarowinkler==1.2.3
jedi==0.18.1
jeepney==0.8.0
Jinja2==3.1.2
joblib==1.2.0
json5==0.9.10
jsonpointer==2.3
jsonschema==4.17.0
jupyter-console==6.4.4
jupyter-server==1.21.0
jupyter_client==7.4.4
jupyter_core==4.11.2
jupyter_packaging==0.12.3
jupyterlab==3.5.0
jupyterlab-pygments==0.2.2
jupyterlab_server==2.16.2
kafka-python==2.0.2
kamene==0.32
keyring==23.9.3
KismetCaptureFreaklabsZigbee==2018.7.0
KismetCaptureRtl433==2020.10.1
KismetCaptureRtladsb==2020.10.1
KismetCaptureRtlamr==2020.10.1
kiwisolver==1.4.4
lark==1.1.3
lazy-object-proxy==1.8.0
lensfun==0.3.3
Levenshtein==0.20.8
libfdt==1.6.1
lit==14.0.6.dev0
locket==1.0.0
lockfile==0.12.2
logutils==0.3.5
louis==3.23.0
lxml==4.9.1
m64py==0.2.5
Mako==1.2.3
mallard-ducktype==1.0.2
Markdown==3.4.1
MarkupSafe==2.1.1
matplotlib==3.6.2
matplotlib-inline==0.1.6
maxminddb==2.2.0
mccabe==0.7.0
merge3==0.0.10
meson==0.63.3
mistune==2.0.4
mock==3.0.5
more-itertools==9.0.0
msgpack==1.0.4
multidict==6.0.2
mypy-extensions==0.4.3
nbclassic==0.4.5
nbclient==0.7.0
nbconvert==7.2.3
nbformat==5.7.0
nest-asyncio==1.5.6
netaddr==0.8.0
netsnmp-python==1.0a1
networkx==2.8.7
nftables==0.1
nose==1.3.7
notebook==6.5.1
notebook_shim==0.2.2
nspektr==0.4.0
nteract-on-jupyter==2.1.3
numexpr==2.8.3
numpy==1.23.4
OpenTimelineIO==0.15.0
ordered-set==4.1.0
outcome==1.2.0
packaging==21.3
pandas==1.4.4
pandavro==1.6.0
pandocfilters==1.5.0
paramiko==2.11.0
parso==0.8.3
partd==1.3.0
pastel==0.2.1
pathspec==0.10.1
patiencediff==0.2.6
pbr==5.11.0
pdfarranger==1.9.1
pdfminer.six==20220524
pecan==1.4.2
pep517==0.13.0
pep8==1.7.1
pew==1.2.0
pexpect==4.8.0
pickleshare==0.7.5
pikepdf==6.2.1
Pillow==9.3.0
pipenv==2022.10.4
pkgconfig==1.5.5
pkginfo==1.8.3
platformdirs==2.5.2
pluggy==1.0.0
ply==3.11
poetry==1.2.2
poetry-core==1.3.2
poetry-plugin-export==1.1.2
portend==3.1.0
prettytable==3.5.0
progress==1.6
prometheus-client==0.15.0
promise==2.3
prompt-toolkit==3.0.32
protobuf==4.21.9
psutil==5.9.3
ptyprocess==0.7.0
PuLP==2.5.1
pure-eval==0.2.2
pwquality==1.4.4
py==1.11.0
py4j==0.10.9.3
pyaaf2==1.6.0
pyasn==1.6.1
pyasn1==0.4.8
pyasn1-modules==0.2.8
pycairo==1.21.0
pycodestyle==2.9.1
pycparser==2.21
pycups==2.0.1
pycurl==7.45.1
pydantic==1.10.2
pydot==1.4.2
pyenchant==3.2.2
pyflakes==2.5.0
pyftpdlib==1.5.7
PyGithub==1.56
Pygments==2.13.0
PyGObject==3.42.2
pygraphviz==1.9
PyJWT==2.6.0
pylev==1.4.0
pylint==2.15.5
PyNaCl==1.4.0
pyOpenSSL==22.1.0
pypandoc==1.10
pyparsing==3.0.9
PyQt5==5.15.7
PyQt5-sip==12.11.0
pyquery==1.4.3
pyrsistent==0.19.1
PySDL2==0.9.14
pyserial==3.5
pysmbc==1.0.23
pyspark==3.2.1
pytest==7.2.0
pytest-cache==1.0
pytest-cov==4.0.0
pytest-flakes==4.0.5
pytest-lazy-fixture==0.6.3
pytest-pep8==1.0.6
pytest-socket==0.5.1
python-dateutil==2.8.2
python-dotenv==0.21.0
python-install==0.0.3
python-ldap==3.4.3
pytoml==0.1.21
pytz==2022.1
PyX==0.16
pyxdg==0.28
PyYAML==6.0
pyzmq==24.0.1
rapidfuzz==2.10.2
Reflector==2021.11.20.2.41.3
regex==2022.9.13
repoze.lru==0.7
requests==2.28.1
requests-mock==1.10.0
requests-toolbelt==0.10.1
requests-unixsocket==0.3.0
resolvelib==0.8.1
responses==0.22.0
retrying==1.3.3
rfc3987==1.3.8
rich==12.6.0
Routes==2.5.1
rrdtool==0.1.10
rsa==4.9
Rx==3.2.0
scapy===git-archive.dev8b63d73a17
scikit-learn==1.1.2
scipy==1.9.3
seaborn==0.11.2
SecretStorage==3.3.3
selenium==4.5.0
Send2Trash==1.8.0
setuptools-scm==7.0.5
shellingham==1.5.0
shodan==1.28.0
sip==4.19.25
six==1.16.0
sniffio==1.3.0
snowballstemmer==2.2.0
sortedcontainers==2.4.0
soupsieve==2.3.2.post1
Sphinx==5.3.0
sphinxcontrib-applehelp==1.0.2
sphinxcontrib-devhelp==1.0.2
sphinxcontrib-htmlhelp==2.0.0
sphinxcontrib-jsmath==1.0.1
sphinxcontrib-qthelp==1.0.3
sphinxcontrib-serializinghtml==1.1.5
sshuttle==1.1.1
stack-data==0.6.0
tables==3.7.0
tabulate==0.9.0
TBB==0.2
team==1.0
tempora==5.0.2
tenacity==8.1.0
termcolor==2.0.1
terminado==0.17.0
terminaltables==3.1.0
testpath==0.6.0
threadpoolctl==3.1.0
timeout-decorator==0.5.0
tinycss2==1.2.1
toml==0.10.2
tomli==2.0.1
tomli_w==1.0.0
tomlkit==0.11.5
toolz==0.12.0
tornado==6.2
tqdm==4.64.1
traitlets==5.5.0
trio==0.22.0
trio-websocket==0.9.2
trove-classifiers==2022.10.19
typed-ast==1.5.4
typing_extensions==4.4.0
ufw==0.36.1
ujson==5.4.0
uritemplate==4.1.1
url-normalize==1.4.3
urllib3==1.26.12
uvicorn==0.19.0
uvloop==0.17.0
validate==5.1.0.dev0
validate-pyproject==0.10.1
virtualenv==20.16.6
virtualenv-clone==0.5.7
visidata==2.10.2
waitress==2.1.2
watchgod==0.8.2
wcwidth==0.2.5
webcolors==1.12
webencodings==0.5.1
WebOb==1.8.7
websocket-client==1.4.1
websockets==10.3
WebTest==3.0.0
Werkzeug==2.2.2
widgetsnbextension==4.0.3
wrapt==1.14.1
wsproto==1.2.0
XlsxWriter==3.0.3
xmlsec==1.3.13
yarl==1.8.1
zc.lockfile==2.0
zipp==3.10.0
zstandard==0.19.0
